<?xml version="1.0" encoding="UTF-8"?>
<testng-results skipped="0" failed="1" ignored="0" total="1" passed="0">
  <reporter-output>
    <line>
      <![CDATA[Suite Execution startsThu Oct 15 21:19:36 IST 2020]]>
    </line>
    <line>
      <![CDATA[chrome browser launched]]>
    </line>
    <line>
      <![CDATA[http://localhost:8888/ url navigated]]>
    </line>
    <line>
      <![CDATA[validLogin script is executing:Thu Oct 15 21:19:52 IST 2020]]>
    </line>
    <line>
      <![CDATA[validLogin script is failed:]]>
    </line>
    <line>
      <![CDATA[Browser closed]]>
    </line>
  </reporter-output>
  <suite name="Suite" duration-ms="17648" started-at="2020-10-15T15:49:36Z" finished-at="2020-10-15T15:49:54Z">
    <groups>
    </groups>
    <test name="Test" duration-ms="17648" started-at="2020-10-15T15:49:36Z" finished-at="2020-10-15T15:49:54Z">
      <class name="practice.scripts.LoginTest">
        <test-method status="PASS" signature="preCondition(java.lang.String, java.lang.String)[pri:0, instance:practice.scripts.LoginTest@20e2cbe0]" name="preCondition" is-config="true" duration-ms="15433" started-at="2020-10-15T21:19:36Z" finished-at="2020-10-15T21:19:52Z">
          <params>
            <param index="0">
              <value>
                <![CDATA[chrome]]>
              </value>
            </param>
            <param index="1">
              <value>
                <![CDATA[http://localhost:8888/]]>
              </value>
            </param>
          </params>
          <reporter-output>
            <line>
              <![CDATA[chrome browser launched]]>
            </line>
            <line>
              <![CDATA[http://localhost:8888/ url navigated]]>
            </line>
          </reporter-output>
        </test-method> <!-- preCondition -->
        <test-method status="FAIL" signature="validLogin()[pri:0, instance:practice.scripts.LoginTest@20e2cbe0]" name="validLogin" duration-ms="1467" started-at="2020-10-15T21:19:52Z" finished-at="2020-10-15T21:19:53Z">
          <exception class="java.lang.NullPointerException">
            <full-stacktrace>
              <![CDATA[java.lang.NullPointerException
	at practice.generic.ExcelLib.readData(ExcelLib.java:51)
	at practice.scripts.LoginTest.validLogin(LoginTest.java:41)
	at sun.reflect.NativeMethodAccessorImpl.invoke0(Native Method)
	at sun.reflect.NativeMethodAccessorImpl.invoke(NativeMethodAccessorImpl.java:62)
	at sun.reflect.DelegatingMethodAccessorImpl.invoke(DelegatingMethodAccessorImpl.java:43)
	at java.lang.reflect.Method.invoke(Method.java:498)
	at org.testng.internal.MethodInvocationHelper.invokeMethod(MethodInvocationHelper.java:108)
	at org.testng.internal.Invoker.invokeMethod(Invoker.java:661)
	at org.testng.internal.Invoker.invokeTestMethod(Invoker.java:869)
	at org.testng.internal.Invoker.invokeTestMethods(Invoker.java:1193)
	at org.testng.internal.TestMethodWorker.invokeTestMethods(TestMethodWorker.java:126)
	at org.testng.internal.TestMethodWorker.run(TestMethodWorker.java:109)
	at org.testng.TestRunner.privateRun(TestRunner.java:744)
	at org.testng.TestRunner.run(TestRunner.java:602)
	at org.testng.SuiteRunner.runTest(SuiteRunner.java:380)
	at org.testng.SuiteRunner.runSequentially(SuiteRunner.java:375)
	at org.testng.SuiteRunner.privateRun(SuiteRunner.java:340)
	at org.testng.SuiteRunner.run(SuiteRunner.java:289)
	at org.testng.SuiteRunnerWorker.runSuite(SuiteRunnerWorker.java:52)
	at org.testng.SuiteRunnerWorker.run(SuiteRunnerWorker.java:86)
	at org.testng.TestNG.runSuitesSequentially(TestNG.java:1301)
	at org.testng.TestNG.runSuitesLocally(TestNG.java:1226)
	at org.testng.TestNG.runSuites(TestNG.java:1144)
	at org.testng.TestNG.run(TestNG.java:1115)
	at org.testng.remote.AbstractRemoteTestNG.run(AbstractRemoteTestNG.java:132)
	at org.testng.remote.RemoteTestNG.initAndRun(RemoteTestNG.java:230)
	at org.testng.remote.RemoteTestNG.main(RemoteTestNG.java:76)
]]>
            </full-stacktrace>
          </exception> <!-- java.lang.NullPointerException -->
          <reporter-output>
            <line>
              <![CDATA[validLogin script is executing:Thu Oct 15 21:19:52 IST 2020]]>
            </line>
            <line>
              <![CDATA[validLogin script is failed:]]>
            </line>
          </reporter-output>
        </test-method> <!-- validLogin -->
        <test-method status="PASS" signature="postCondition()[pri:0, instance:practice.scripts.LoginTest@20e2cbe0]" name="postCondition" is-config="true" duration-ms="116" started-at="2020-10-15T21:19:54Z" finished-at="2020-10-15T21:19:54Z">
          <reporter-output>
            <line>
              <![CDATA[Browser closed]]>
            </line>
          </reporter-output>
        </test-method> <!-- postCondition -->
      </class> <!-- practice.scripts.LoginTest -->
    </test> <!-- Test -->
  </suite> <!-- Suite -->
</testng-results>
