<?xml version="1.0" encoding="UTF-8"?>
<!-- Generated by org.testng.reporters.JUnitXMLReporter -->
<testsuite hostname="DESKTOP-OQEVBDR" ignored="0" name="Test" tests="1" failures="1" timestamp="15 Oct 2020 15:49:54 GMT" time="17.648" errors="0">
  <testcase name="validLogin" time="1.467" classname="practice.scripts.LoginTest">
    <failure type="java.lang.NullPointerException">
      <![CDATA[java.lang.NullPointerException
	at practice.generic.ExcelLib.readData(ExcelLib.java:51)
	at practice.scripts.LoginTest.validLogin(LoginTest.java:41)
... Removed 25 stack frames]]>
    </failure>
  </testcase> <!-- validLogin -->
</testsuite> <!-- Test -->
